<?xml version="1.0" encoding="UTF-8"?>
<!-- Generated by org.testng.reporters.JUnitXMLReporter -->
<testsuite ignored="1" hostname="INP-PF3B0L19-LT" failures="0" tests="1" name="Default test" time="95.859" errors="0" timestamp="2022-09-26T21:48:35 IST">
  <testcase classname="javaselenium.MouseActions" name="selectMultipleValues" time="90.993"/>
  <testcase classname="javaselenium.MouseActions" name="dragAndDropAction" time="0.0">
    <ignored/>
  </testcase> <!-- dragAndDropAction -->
</testsuite> <!-- Default test -->
