<?xml version="1.0" encoding="UTF-8"?>
<testng-results ignored="1" total="2" passed="1" failed="0" skipped="0">
  <reporter-output>
  </reporter-output>
  <suite started-at="2022-09-26T21:46:59 IST" name="Default suite" finished-at="2022-09-26T21:48:35 IST" duration-ms="95859">
    <groups>
    </groups>
    <test started-at="2022-09-26T21:46:59 IST" name="Default test" finished-at="2022-09-26T21:48:35 IST" duration-ms="95859">
      <class name="javaselenium.MouseActions">
        <test-method is-config="true" signature="setUp()[pri:0, instance:javaselenium.MouseActions@783a467b]" started-at="2022-09-26T21:46:59 IST" name="setUp" finished-at="2022-09-26T21:47:03 IST" duration-ms="3553" status="PASS">
          <reporter-output>
          </reporter-output>
        </test-method> <!-- setUp -->
        <test-method signature="selectMultipleValues()[pri:0, instance:javaselenium.MouseActions@783a467b]" started-at="2022-09-26T21:47:03 IST" name="selectMultipleValues" finished-at="2022-09-26T21:48:33 IST" duration-ms="90993" status="PASS">
          <reporter-output>
          </reporter-output>
        </test-method> <!-- selectMultipleValues -->
        <test-method is-config="true" signature="end()[pri:0, instance:javaselenium.MouseActions@783a467b]" started-at="2022-09-26T21:48:34 IST" name="end" finished-at="2022-09-26T21:48:35 IST" duration-ms="1270" status="PASS">
          <reporter-output>
          </reporter-output>
        </test-method> <!-- end -->
      </class> <!-- javaselenium.MouseActions -->
    </test> <!-- Default test -->
  </suite> <!-- Default suite -->
</testng-results>
